<?xml version="1.0" encoding="UTF-8"?>
<testng-results ignored="0" total="2" passed="2" failed="0" skipped="0">
  <reporter-output>
    <line>
      <![CDATA[setting up reports and test is getting ready]]>
    </line>
    <line>
      <![CDATA[setting done test can be started]]>
    </line>
    <line>
      <![CDATA[Trying to start Browser and getting application ready]]>
    </line>
    <line>
      <![CDATA[Browser and application is up and running]]>
    </line>
    <line>
      <![CDATA[Test is about to end]]>
    </line>
    <line>
      <![CDATA[Test Completed >>> Reports Generated]]>
    </line>
    <line>
      <![CDATA[Test is about to end]]>
    </line>
    <line>
      <![CDATA[Test Completed >>> Reports Generated]]>
    </line>
  </reporter-output>
  <suite started-at="2023-10-27T15:59:14 IST" name="Default suite" finished-at="2023-10-27T15:59:46 IST" duration-ms="31949">
    <groups>
    </groups>
    <test started-at="2023-10-27T15:59:14 IST" name="Default test" finished-at="2023-10-27T15:59:46 IST" duration-ms="31949">
      <class name="Test_Page.Complaint_Modify">
        <test-method is-config="true" signature="setUpSuite()[pri:0, instance:Test_Page.Complaint_Modify@25fb8912]" started-at="2023-10-27T15:59:13 IST" name="setUpSuite" finished-at="2023-10-27T15:59:14 IST" duration-ms="555" status="PASS">
          <reporter-output>
            <line>
              <![CDATA[setting up reports and test is getting ready]]>
            </line>
            <line>
              <![CDATA[setting done test can be started]]>
            </line>
          </reporter-output>
        </test-method> <!-- setUpSuite -->
        <test-method is-config="true" signature="setup()[pri:0, instance:Test_Page.Complaint_Modify@25fb8912]" started-at="2023-10-27T15:59:14 IST" name="setup" finished-at="2023-10-27T15:59:16 IST" duration-ms="1921" status="PASS">
          <reporter-output>
            <line>
              <![CDATA[Trying to start Browser and getting application ready]]>
            </line>
            <line>
              <![CDATA[Browser and application is up and running]]>
            </line>
          </reporter-output>
        </test-method> <!-- setup -->
        <test-method signature="loginApp()[pri:0, instance:Test_Page.Complaint_Modify@25fb8912]" started-at="2023-10-27T15:59:16 IST" name="loginApp" finished-at="2023-10-27T15:59:16 IST" duration-ms="453" status="PASS">
          <reporter-output>
          </reporter-output>
        </test-method> <!-- loginApp -->
        <test-method is-config="true" signature="tearDownMethod(org.testng.ITestResult)[pri:0, instance:Test_Page.Complaint_Modify@25fb8912]" started-at="2023-10-27T15:59:16 IST" name="tearDownMethod" finished-at="2023-10-27T15:59:17 IST" duration-ms="927" status="PASS">
          <params>
            <param index="0">
              <value>
                <![CDATA[[TestResult name=loginApp status=SUCCESS method=Complaint_Modify.loginApp()[pri:0, instance:Test_Page.Complaint_Modify@25fb8912] output={null}]]]>
              </value>
            </param>
          </params>
          <reporter-output>
            <line>
              <![CDATA[Test is about to end]]>
            </line>
            <line>
              <![CDATA[Test Completed >>> Reports Generated]]>
            </line>
          </reporter-output>
        </test-method> <!-- tearDownMethod -->
        <test-method signature="Case_Managements()[pri:0, instance:Test_Page.Complaint_Modify@25fb8912]" started-at="2023-10-27T15:59:17 IST" name="Case_Managements" finished-at="2023-10-27T15:59:45 IST" depends-on-methods="Test_Page.Complaint_Modify.loginApp" duration-ms="27965" status="PASS">
          <reporter-output>
          </reporter-output>
        </test-method> <!-- Case_Managements -->
        <test-method is-config="true" signature="tearDownMethod(org.testng.ITestResult)[pri:0, instance:Test_Page.Complaint_Modify@25fb8912]" started-at="2023-10-27T15:59:45 IST" name="tearDownMethod" finished-at="2023-10-27T15:59:45 IST" duration-ms="307" status="PASS">
          <params>
            <param index="0">
              <value>
                <![CDATA[[TestResult name=Case_Managements status=SUCCESS method=Complaint_Modify.Case_Managements()[pri:0, instance:Test_Page.Complaint_Modify@25fb8912] output={null}]]]>
              </value>
            </param>
          </params>
          <reporter-output>
            <line>
              <![CDATA[Test is about to end]]>
            </line>
            <line>
              <![CDATA[Test Completed >>> Reports Generated]]>
            </line>
          </reporter-output>
        </test-method> <!-- tearDownMethod -->
        <test-method is-config="true" signature="tearDown()[pri:0, instance:Test_Page.Complaint_Modify@25fb8912]" started-at="2023-10-27T15:59:45 IST" name="tearDown" finished-at="2023-10-27T15:59:46 IST" duration-ms="338" status="PASS">
          <reporter-output>
          </reporter-output>
        </test-method> <!-- tearDown -->
      </class> <!-- Test_Page.Complaint_Modify -->
    </test> <!-- Default test -->
  </suite> <!-- Default suite -->
</testng-results>
